<?xml version="1.0" encoding="UTF-8"?>
<!-- Generated by org.testng.reporters.JUnitReportReporter -->
<testsuite hostname="Venkata-MAC.local" name="googlesetup.TestGoogleSearchTextField" tests="8" failures="0" timestamp="21 Sep 2018 17:31:53 GMT" time="47.534" errors="0">
  <testcase name="test_checkForExistenceOfInputsInTextField_SQLInjection" time="5.645" classname="googlesetup.TestGoogleSearchTextField"/>
  <testcase name="test_checkForExistenceOfInputsInTextField_JSInjection" time="9.211" classname="googlesetup.TestGoogleSearchTextField"/>
  <testcase name="test_checkForExistenceOfInputsInTextField_specialChars_UTF8" time="5.411" classname="googlesetup.TestGoogleSearchTextField"/>
  <testcase name="test_checkForExistenceOfInputsInTextField_blankSpaces" time="5.608" classname="googlesetup.TestGoogleSearchTextField"/>
  <testcase name="test_checkForExistenceOfInputsInTextField_specialChars_ASCII" time="5.483" classname="googlesetup.TestGoogleSearchTextField"/>
  <testcase name="test_checkForExistenceOfInputsInTextField_specialChars_Unicode" time="5.444" classname="googlesetup.TestGoogleSearchTextField"/>
  <testcase name="test_checkForExistenceOfTextField" time="5.392" classname="googlesetup.TestGoogleSearchTextField"/>
  <testcase name="test_checkForExistenceOfInputsInTextField_valid" time="5.340" classname="googlesetup.TestGoogleSearchTextField"/>
</testsuite> <!-- googlesetupChrome.TestGoogleSearchTextField -->
