<?xml version="1.0" encoding="UTF-8"?>
<!-- Generated by org.testng.reporters.JUnitReportReporter -->
<testsuite hostname="Venkata-MAC.local" name="googlesetupFireFox.TestGoogleSearchTextField" tests="8" failures="0" timestamp="23 Sep 2018 16:49:18 GMT" time="6.352" errors="0">
  <testcase name="test_checkForExistenceOfInputsInTextField_JSInjection" time="1.794" classname="googlesetupFireFox.TestGoogleSearchTextField"/>
  <testcase name="test_checkForExistenceOfInputsInTextField_blankSpaces" time="0.616" classname="googlesetupFireFox.TestGoogleSearchTextField"/>
  <testcase name="test_checkForExistenceOfInputsInTextField_specialChars_ASCII" time="0.677" classname="googlesetupFireFox.TestGoogleSearchTextField"/>
  <testcase name="test_checkForExistenceOfTextField" time="0.663" classname="googlesetupFireFox.TestGoogleSearchTextField"/>
  <testcase name="test_checkForExistenceOfInputsInTextField_valid" time="0.593" classname="googlesetupFireFox.TestGoogleSearchTextField"/>
  <testcase name="test_checkForExistenceOfInputsInTextField_specialChars_Unicode" time="0.645" classname="googlesetupFireFox.TestGoogleSearchTextField"/>
  <testcase name="test_checkForExistenceOfInputsInTextField_SQLInjection" time="0.758" classname="googlesetupFireFox.TestGoogleSearchTextField"/>
  <testcase name="test_checkForExistenceOfInputsInTextField_specialChars_UTF8" time="0.606" classname="googlesetupFireFox.TestGoogleSearchTextField"/>
</testsuite> <!-- googlesetupFireFox.TestGoogleSearchTextField -->
