<?xml version="1.0" encoding="UTF-8"?>
<!-- Generated by org.testng.reporters.JUnitReportReporter -->
<testsuite hostname="Venkata-MAC.local" name="googlesetupFireFox.TestGoogleSearchLogo" tests="3" failures="0" timestamp="23 Sep 2018 16:49:18 GMT" time="2.129" errors="0">
  <testcase name="test_checkForLogoCSSProperties" time="0.340" classname="googlesetupFireFox.TestGoogleSearchLogo"/>
  <testcase name="test_checkForLogoAlignment" time="0.361" classname="googlesetupFireFox.TestGoogleSearchLogo"/>
  <testcase name="test_checkForGoogleLogo_Existence" time="1.428" classname="googlesetupFireFox.TestGoogleSearchLogo"/>
</testsuite> <!-- googlesetupFireFox.TestGoogleSearchLogo -->
