<?xml version="1.0" encoding="UTF-8"?>
<!-- Generated by org.testng.reporters.JUnitReportReporter -->
<testsuite hostname="Venkata-MAC.local" name="googlesetupFireFox.TestEmptyTextBoxSearch" tests="2" failures="0" timestamp="23 Sep 2018 16:49:18 GMT" time="2.423" errors="0">
  <testcase name="test_emptyTextBoxSearch_useEnterButton" time="0.706" classname="googlesetupFireFox.TestEmptyTextBoxSearch"/>
  <testcase name="test_emptyTextBoxSearch_typing" time="1.717" classname="googlesetupFireFox.TestEmptyTextBoxSearch"/>
</testsuite> <!-- googlesetupFireFox.TestEmptyTextBoxSearch -->
