<?xml version="1.0" encoding="UTF-8"?>
<!-- Generated by org.testng.reporters.JUnitReportReporter -->
<testsuite hostname="Venkata-MAC.local" name="googlesetupFireFox.TestGoogleSearchTextField" tests="8" failures="0" timestamp="22 Sep 2018 00:46:17 GMT" time="6.802" errors="0">
  <testcase name="test_checkForExistenceOfInputsInTextField_specialChars_UTF8" time="0.593" classname="googlesetupFireFox.TestGoogleSearchTextField"/>
  <testcase name="test_checkForExistenceOfInputsInTextField_JSInjection" time="1.887" classname="googlesetupFireFox.TestGoogleSearchTextField"/>
  <testcase name="test_checkForExistenceOfInputsInTextField_valid" time="0.639" classname="googlesetupFireFox.TestGoogleSearchTextField"/>
  <testcase name="test_checkForExistenceOfInputsInTextField_specialChars_Unicode" time="0.792" classname="googlesetupFireFox.TestGoogleSearchTextField"/>
  <testcase name="test_checkForExistenceOfInputsInTextField_SQLInjection" time="0.832" classname="googlesetupFireFox.TestGoogleSearchTextField"/>
  <testcase name="test_checkForExistenceOfInputsInTextField_specialChars_ASCII" time="0.704" classname="googlesetupFireFox.TestGoogleSearchTextField"/>
  <testcase name="test_checkForExistenceOfTextField" time="0.698" classname="googlesetupFireFox.TestGoogleSearchTextField"/>
  <testcase name="test_checkForExistenceOfInputsInTextField_blankSpaces" time="0.657" classname="googlesetupFireFox.TestGoogleSearchTextField"/>
</testsuite> <!-- googlesetupFireFox.TestGoogleSearchTextField -->
