<?xml version="1.0" encoding="UTF-8"?>
<!-- Generated by org.testng.reporters.JUnitReportReporter -->
<testsuite hostname="Venkata-MAC.local" name="googlesetupFireFox.TestGoogleHomePageOpeningFirefox" tests="3" failures="0" timestamp="23 Sep 2018 16:49:18 GMT" time="2.115" errors="0">
  <testcase name="test_checkForPageResponseOn_PageSearch" time="0.428" classname="googlesetupFireFox.TestGoogleHomePageOpeningFirefox"/>
  <testcase name="test_checkForPageFailureToLoad" time="0.175" classname="googlesetupFireFox.TestGoogleHomePageOpeningFirefox"/>
  <testcase name="test_checkForPageExistence" time="1.512" classname="googlesetupFireFox.TestGoogleHomePageOpeningFirefox"/>
</testsuite> <!-- googlesetupFireFox.TestGoogleHomePageOpeningFirefox -->
