<?xml version="1.0" encoding="UTF-8"?>
<!-- Generated by org.testng.reporters.JUnitReportReporter -->
<testsuite hostname="Venkata-MAC.local" name="googlesetupFireFox.TestGoogleSearchLogo" tests="3" failures="0" timestamp="22 Sep 2018 22:01:24 GMT" time="2.380" errors="0">
  <testcase name="test_checkForLogoAlignment" time="0.440" classname="googlesetupFireFox.TestGoogleSearchLogo"/>
  <testcase name="test_checkForGoogleLogo_Existence" time="1.406" classname="googlesetupFireFox.TestGoogleSearchLogo"/>
  <testcase name="test_checkForLogoCSSProperties" time="0.534" classname="googlesetupFireFox.TestGoogleSearchLogo"/>
</testsuite> <!-- googlesetupFireFox.TestGoogleSearchLogo -->
