<?xml version="1.0" encoding="UTF-8"?>
<!-- Generated by org.testng.reporters.JUnitReportReporter -->
<testsuite hostname="Venkata-MAC.local" name="googlesetupFireFox.TestGoogleSearchTextField" tests="8" failures="0" timestamp="22 Sep 2018 14:26:36 GMT" time="7.544" errors="0">
  <testcase name="test_checkForExistenceOfInputsInTextField_valid" time="0.695" classname="googlesetupFireFox.TestGoogleSearchTextField"/>
  <testcase name="test_checkForExistenceOfInputsInTextField_specialChars_ASCII" time="1.016" classname="googlesetupFireFox.TestGoogleSearchTextField"/>
  <testcase name="test_checkForExistenceOfInputsInTextField_SQLInjection" time="0.987" classname="googlesetupFireFox.TestGoogleSearchTextField"/>
  <testcase name="test_checkForExistenceOfTextField" time="0.701" classname="googlesetupFireFox.TestGoogleSearchTextField"/>
  <testcase name="test_checkForExistenceOfInputsInTextField_JSInjection" time="1.786" classname="googlesetupFireFox.TestGoogleSearchTextField"/>
  <testcase name="test_checkForExistenceOfInputsInTextField_specialChars_UTF8" time="0.715" classname="googlesetupFireFox.TestGoogleSearchTextField"/>
  <testcase name="test_checkForExistenceOfInputsInTextField_blankSpaces" time="0.922" classname="googlesetupFireFox.TestGoogleSearchTextField"/>
  <testcase name="test_checkForExistenceOfInputsInTextField_specialChars_Unicode" time="0.722" classname="googlesetupFireFox.TestGoogleSearchTextField"/>
</testsuite> <!-- googlesetupFireFox.TestGoogleSearchTextField -->
