<?xml version="1.0" encoding="UTF-8"?>
<!-- Generated by org.testng.reporters.JUnitReportReporter -->
<testsuite hostname="Venkata-MAC.local" name="googlesetupFireFox.TestURLusingGoogleSearch" tests="3" failures="0" timestamp="22 Sep 2018 22:01:24 GMT" time="9.138" errors="0">
  <testcase name="test_URLSearchingUsingGoogle_32limit" time="2.163" classname="googlesetupFireFox.TestURLusingGoogleSearch"/>
  <testcase name="test_URLSearchingUsingGoogle_LongString" time="1.712" classname="googlesetupFireFox.TestURLusingGoogleSearch"/>
  <testcase name="test_URLSearchingUsingGoogle" time="5.263" classname="googlesetupFireFox.TestURLusingGoogleSearch"/>
</testsuite> <!-- googlesetupFireFox.TestURLusingGoogleSearch -->
