<?xml version="1.0" encoding="UTF-8"?>
<!-- Generated by org.testng.reporters.JUnitReportReporter -->
<testsuite hostname="Venkata-MAC.local" name="googlesetupFireFox.TestEmptyTextBoxSearch" tests="2" failures="0" timestamp="22 Sep 2018 22:01:24 GMT" time="3.543" errors="0">
  <testcase name="test_emptyTextBoxSearch_useEnterButton" time="1.302" classname="googlesetupFireFox.TestEmptyTextBoxSearch"/>
  <testcase name="test_emptyTextBoxSearch_typing" time="2.241" classname="googlesetupFireFox.TestEmptyTextBoxSearch"/>
</testsuite> <!-- googlesetupFireFox.TestEmptyTextBoxSearch -->
