<?xml version="1.0" encoding="UTF-8"?>
<!-- Generated by org.testng.reporters.JUnitReportReporter -->
<testsuite hostname="Venkata-MAC.local" name="googlesetup.TestGoogleSearchButton" tests="9" failures="0" timestamp="21 Sep 2018 17:31:53 GMT" time="31.134" errors="0">
  <testcase name="test_LookForSearchButton" time="0.319" classname="googlesetup.TestGoogleSearchButton"/>
  <testcase name="test_SearchButtonWithText" time="1.451" classname="googlesetup.TestGoogleSearchButton"/>
  <testcase name="test_SearchButtonWithEmptyTextFailTest" time="0.110" classname="googlesetup.TestGoogleSearchButton"/>
  <testcase name="test_SearchButtonWithNumbers" time="10.174" classname="googlesetup.TestGoogleSearchButton"/>
  <testcase name="test_SearchButtonWithTextAndRedirect" time="1.356" classname="googlesetup.TestGoogleSearchButton"/>
  <testcase name="test_SearchButtonWithTextJSONResponse" time="0.694" classname="googlesetup.TestGoogleSearchButton"/>
  <testcase name="test_SearchButtonWithSpecialChars" time="13.764" classname="googlesetup.TestGoogleSearchButton"/>
  <testcase name="test_LookForLuckSearchButton" time="2.696" classname="googlesetup.TestGoogleSearchButton"/>
  <testcase name="test_SearchButtonWithNoText" time="0.570" classname="googlesetup.TestGoogleSearchButton"/>
</testsuite> <!-- googlesetupChrome.TestGoogleSearchButton -->
