<?xml version="1.0" encoding="UTF-8"?>
<!-- Generated by org.testng.reporters.JUnitReportReporter -->
<testsuite hostname="Venkata-MAC.local" name="googlesetupFireFox.TestCopyPasteAndSearch" tests="2" failures="0" timestamp="23 Sep 2018 16:49:18 GMT" time="2.519" errors="0">
  <testcase name="test_copyPasteAndSearch" time="1.720" classname="googlesetupFireFox.TestCopyPasteAndSearch"/>
  <testcase name="test_copyPasteAndSearch_useEnter" time="0.799" classname="googlesetupFireFox.TestCopyPasteAndSearch"/>
</testsuite> <!-- googlesetupFireFox.TestCopyPasteAndSearch -->
