<?xml version="1.0" encoding="UTF-8"?>
<!-- Generated by org.testng.reporters.JUnitReportReporter -->
<testsuite hostname="Venkata-MAC.local" name="googlesetupFireFox.TestURLusingGoogleSearch" tests="3" failures="0" timestamp="23 Sep 2018 16:49:18 GMT" time="10.797" errors="0">
  <testcase name="test_URLSearchingUsingGoogle_LongString" time="1.534" classname="googlesetupFireFox.TestURLusingGoogleSearch"/>
  <testcase name="test_URLSearchingUsingGoogle" time="6.956" classname="googlesetupFireFox.TestURLusingGoogleSearch"/>
  <testcase name="test_URLSearchingUsingGoogle_32limit" time="2.307" classname="googlesetupFireFox.TestURLusingGoogleSearch"/>
</testsuite> <!-- googlesetupFireFox.TestURLusingGoogleSearch -->
