<?xml version="1.0" encoding="UTF-8"?>
<!-- Generated by org.testng.reporters.JUnitReportReporter -->
<testsuite hostname="Venkata-MAC.local" name="googlesetup.TestGoogleSearchLogo" tests="3" failures="0" timestamp="21 Sep 2018 17:31:53 GMT" time="1.782" errors="0">
  <testcase name="test_checkForGoogleLogo_Existence" time="0.783" classname="googlesetup.TestGoogleSearchLogo"/>
  <testcase name="test_checkForLogoAlignment" time="0.566" classname="googlesetup.TestGoogleSearchLogo"/>
  <testcase name="test_checkForLogoCSSProperties" time="0.433" classname="googlesetup.TestGoogleSearchLogo"/>
</testsuite> <!-- googlesetupChrome.TestGoogleSearchLogo -->
