<?xml version="1.0" encoding="UTF-8"?>
<!-- Generated by org.testng.reporters.JUnitReportReporter -->
<testsuite hostname="Venkata-MAC.local" name="googlesetupFireFox.TestGoogleSearchButton" tests="9" failures="0" timestamp="22 Sep 2018 14:26:36 GMT" time="20.203" errors="0">
  <testcase name="test_SearchButtonWithSpecialChars" time="7.810" classname="googlesetupFireFox.TestGoogleSearchButton"/>
  <testcase name="test_SearchButtonWithTextJSONResponse" time="0.657" classname="googlesetupFireFox.TestGoogleSearchButton"/>
  <testcase name="test_SearchButtonWithEmptyTextFailTest" time="0.102" classname="googlesetupFireFox.TestGoogleSearchButton"/>
  <testcase name="test_LookForLuckSearchButton" time="1.315" classname="googlesetupFireFox.TestGoogleSearchButton"/>
  <testcase name="test_SearchButtonWithNoText" time="0.736" classname="googlesetupFireFox.TestGoogleSearchButton"/>
  <testcase name="test_SearchButtonWithNumbers" time="7.648" classname="googlesetupFireFox.TestGoogleSearchButton"/>
  <testcase name="test_SearchButtonWithText" time="0.693" classname="googlesetupFireFox.TestGoogleSearchButton"/>
  <testcase name="test_SearchButtonWithTextAndRedirect" time="0.747" classname="googlesetupFireFox.TestGoogleSearchButton"/>
  <testcase name="test_LookForSearchButton" time="0.495" classname="googlesetupFireFox.TestGoogleSearchButton"/>
</testsuite> <!-- googlesetupFireFox.TestGoogleSearchButton -->
