<?xml version="1.0" encoding="UTF-8"?>
<!-- Generated by org.testng.reporters.JUnitReportReporter -->
<testsuite hostname="Venkata-MAC.local" name="googlesetupFireFox.TestGoogleSearchButton" tests="9" failures="0" timestamp="23 Sep 2018 16:49:18 GMT" time="20.241" errors="0">
  <testcase name="test_SearchButtonWithSpecialChars" time="7.750" classname="googlesetupFireFox.TestGoogleSearchButton"/>
  <testcase name="test_SearchButtonWithText" time="0.663" classname="googlesetupFireFox.TestGoogleSearchButton"/>
  <testcase name="test_SearchButtonWithNoText" time="0.679" classname="googlesetupFireFox.TestGoogleSearchButton"/>
  <testcase name="test_SearchButtonWithTextAndRedirect" time="0.701" classname="googlesetupFireFox.TestGoogleSearchButton"/>
  <testcase name="test_SearchButtonWithTextJSONResponse" time="0.670" classname="googlesetupFireFox.TestGoogleSearchButton"/>
  <testcase name="test_LookForSearchButton" time="0.438" classname="googlesetupFireFox.TestGoogleSearchButton"/>
  <testcase name="test_SearchButtonWithNumbers" time="7.511" classname="googlesetupFireFox.TestGoogleSearchButton"/>
  <testcase name="test_LookForLuckSearchButton" time="1.722" classname="googlesetupFireFox.TestGoogleSearchButton"/>
  <testcase name="test_SearchButtonWithEmptyTextFailTest" time="0.107" classname="googlesetupFireFox.TestGoogleSearchButton"/>
</testsuite> <!-- googlesetupFireFox.TestGoogleSearchButton -->
