<?xml version="1.0" encoding="UTF-8"?>
<!-- Generated by org.testng.reporters.JUnitReportReporter -->
<testsuite hostname="Venkata-MAC.local" name="googlesetupFireFox.TestGoogleSearchButton" tests="9" failures="0" timestamp="22 Sep 2018 22:01:24 GMT" time="22.432" errors="0">
  <testcase name="test_SearchButtonWithTextAndRedirect" time="0.845" classname="googlesetupFireFox.TestGoogleSearchButton"/>
  <testcase name="test_SearchButtonWithTextJSONResponse" time="0.650" classname="googlesetupFireFox.TestGoogleSearchButton"/>
  <testcase name="test_SearchButtonWithNumbers" time="8.492" classname="googlesetupFireFox.TestGoogleSearchButton"/>
  <testcase name="test_LookForLuckSearchButton" time="1.291" classname="googlesetupFireFox.TestGoogleSearchButton"/>
  <testcase name="test_SearchButtonWithEmptyTextFailTest" time="0.129" classname="googlesetupFireFox.TestGoogleSearchButton"/>
  <testcase name="test_SearchButtonWithText" time="0.807" classname="googlesetupFireFox.TestGoogleSearchButton"/>
  <testcase name="test_SearchButtonWithNoText" time="0.865" classname="googlesetupFireFox.TestGoogleSearchButton"/>
  <testcase name="test_SearchButtonWithSpecialChars" time="8.756" classname="googlesetupFireFox.TestGoogleSearchButton"/>
  <testcase name="test_LookForSearchButton" time="0.597" classname="googlesetupFireFox.TestGoogleSearchButton"/>
</testsuite> <!-- googlesetupFireFox.TestGoogleSearchButton -->
