<?xml version="1.0" encoding="UTF-8"?>
<!-- Generated by org.testng.reporters.JUnitReportReporter -->
<testsuite hostname="Venkata-MAC.local" name="googlesetupFireFox.TestGoogleSearchLogo" tests="3" failures="0" timestamp="22 Sep 2018 14:26:36 GMT" time="2.492" errors="0">
  <testcase name="test_checkForGoogleLogo_Existence" time="1.313" classname="googlesetupFireFox.TestGoogleSearchLogo"/>
  <testcase name="test_checkForLogoAlignment" time="0.706" classname="googlesetupFireFox.TestGoogleSearchLogo"/>
  <testcase name="test_checkForLogoCSSProperties" time="0.473" classname="googlesetupFireFox.TestGoogleSearchLogo"/>
</testsuite> <!-- googlesetupFireFox.TestGoogleSearchLogo -->
