<?xml version="1.0" encoding="UTF-8"?>
<!-- Generated by org.testng.reporters.JUnitReportReporter -->
<testsuite hostname="Venkata-MAC.local" name="googlesetupFireFox.TestGoogleSearchTextField" tests="8" failures="0" timestamp="22 Sep 2018 22:01:24 GMT" time="7.262" errors="0">
  <testcase name="test_checkForExistenceOfInputsInTextField_blankSpaces" time="0.727" classname="googlesetupFireFox.TestGoogleSearchTextField"/>
  <testcase name="test_checkForExistenceOfInputsInTextField_specialChars_ASCII" time="0.929" classname="googlesetupFireFox.TestGoogleSearchTextField"/>
  <testcase name="test_checkForExistenceOfInputsInTextField_SQLInjection" time="0.999" classname="googlesetupFireFox.TestGoogleSearchTextField"/>
  <testcase name="test_checkForExistenceOfInputsInTextField_specialChars_Unicode" time="0.829" classname="googlesetupFireFox.TestGoogleSearchTextField"/>
  <testcase name="test_checkForExistenceOfInputsInTextField_JSInjection" time="1.847" classname="googlesetupFireFox.TestGoogleSearchTextField"/>
  <testcase name="test_checkForExistenceOfInputsInTextField_valid" time="0.617" classname="googlesetupFireFox.TestGoogleSearchTextField"/>
  <testcase name="test_checkForExistenceOfTextField" time="0.649" classname="googlesetupFireFox.TestGoogleSearchTextField"/>
  <testcase name="test_checkForExistenceOfInputsInTextField_specialChars_UTF8" time="0.665" classname="googlesetupFireFox.TestGoogleSearchTextField"/>
</testsuite> <!-- googlesetupFireFox.TestGoogleSearchTextField -->
