<?xml version="1.0" encoding="UTF-8"?>
<!-- Generated by org.testng.reporters.JUnitReportReporter -->
<testsuite hostname="Venkata-MAC.local" name="googlesetupFireFox.TestGoogleHomePageOpeningFirefox" tests="1" failures="0" timestamp="22 Sep 2018 14:26:36 GMT" time="1.561" errors="0">
  <testcase name="checkForPageExistence" time="1.561" classname="googlesetupFireFox.TestGoogleHomePageOpeningFirefox"/>
</testsuite> <!-- googlesetupFireFox.TestGoogleHomePageOpeningFirefox -->
