<?xml version="1.0" encoding="UTF-8"?>
<!-- Generated by org.testng.reporters.JUnitReportReporter -->
<testsuite hostname="Venkata-MAC.local" name="googlesetupFireFox.TestGoogleSearchButton" tests="9" failures="0" timestamp="22 Sep 2018 00:46:17 GMT" time="18.926" errors="0">
  <testcase name="test_SearchButtonWithEmptyTextFailTest" time="0.109" classname="googlesetupFireFox.TestGoogleSearchButton"/>
  <testcase name="test_LookForLuckSearchButton" time="1.411" classname="googlesetupFireFox.TestGoogleSearchButton"/>
  <testcase name="test_SearchButtonWithTextAndRedirect" time="2.179" classname="googlesetupFireFox.TestGoogleSearchButton"/>
  <testcase name="test_SearchButtonWithNoText" time="0.748" classname="googlesetupFireFox.TestGoogleSearchButton"/>
  <testcase name="test_SearchButtonWithSpecialChars" time="7.795" classname="googlesetupFireFox.TestGoogleSearchButton"/>
  <testcase name="test_SearchButtonWithText" time="0.755" classname="googlesetupFireFox.TestGoogleSearchButton"/>
  <testcase name="test_SearchButtonWithNumbers" time="4.791" classname="googlesetupFireFox.TestGoogleSearchButton"/>
  <testcase name="test_SearchButtonWithTextJSONResponse" time="0.675" classname="googlesetupFireFox.TestGoogleSearchButton"/>
  <testcase name="test_LookForSearchButton" time="0.463" classname="googlesetupFireFox.TestGoogleSearchButton"/>
</testsuite> <!-- googlesetupFireFox.TestGoogleSearchButton -->
