<?xml version="1.0" encoding="UTF-8"?>
<!-- Generated by org.testng.reporters.JUnitReportReporter -->
<testsuite hostname="Venkata-MAC.local" name="googlesetup.TestGoogleHomePageOpeningChrome" tests="1" failures="0" timestamp="21 Sep 2018 17:31:53 GMT" time="3.751" errors="0">
  <testcase name="checkForPageExistence" time="3.751" classname="googlesetup.TestGoogleHomePageOpeningChrome"/>
</testsuite> <!-- googlesetupChrome.TestGoogleHomePageOpeningChrome -->
