<?xml version="1.0" encoding="UTF-8"?>
<!-- Generated by org.testng.reporters.JUnitReportReporter -->
<testsuite hostname="Venkata-MAC.local" name="googlesetupFireFox.TestCopyPasteAndSearch" tests="2" failures="0" timestamp="22 Sep 2018 22:01:24 GMT" time="3.453" errors="0">
  <testcase name="test_copyPasteAndSearch" time="2.222" classname="googlesetupFireFox.TestCopyPasteAndSearch"/>
  <testcase name="test_copyPasteAndSearch_useEnter" time="1.231" classname="googlesetupFireFox.TestCopyPasteAndSearch"/>
</testsuite> <!-- googlesetupFireFox.TestCopyPasteAndSearch -->
